2015/07/09 04:18:29 [error] [php] Undefined variable: user_auth (C:\xampp\htdocs\MailServer\protected\views\site\index.php:19)
Stack trace:
#0 C:\xampp\htdocs\yii-1.1.16.bca042\framework\web\CController.php(869): SiteController->renderFile()
#1 C:\xampp\htdocs\yii-1.1.16.bca042\framework\web\CController.php(782): SiteController->renderPartial()
#2 C:\xampp\htdocs\MailServer\protected\controllers\SiteController.php(32): SiteController->render()
#3 C:\xampp\htdocs\yii-1.1.16.bca042\framework\web\actions\CInlineAction.php(49): SiteController->actionIndex()
#4 C:\xampp\htdocs\yii-1.1.16.bca042\framework\web\CController.php(308): CInlineAction->runWithParams()
#5 C:\xampp\htdocs\yii-1.1.16.bca042\framework\web\CController.php(286): SiteController->runAction()
#6 C:\xampp\htdocs\yii-1.1.16.bca042\framework\web\CController.php(265): SiteController->runActionWithFilters()
#7 C:\xampp\htdocs\yii-1.1.16.bca042\framework\web\CWebApplication.php(282): SiteController->run()
#8 C:\xampp\htdocs\yii-1.1.16.bca042\framework\web\CWebApplication.php(141): CWebApplication->runController()
#9 C:\xampp\htdocs\yii-1.1.16.bca042\framework\base\CApplication.php(184): CWebApplication->processRequest()
#10 C:\xampp\htdocs\MailServer\index.php(13): CWebApplication->run()
REQUEST_URI=/index.php
in C:\xampp\htdocs\MailServer\protected\views\site\index.php (19)
in C:\xampp\htdocs\MailServer\protected\controllers\SiteController.php (32)
in C:\xampp\htdocs\MailServer\index.php (13)
2015/07/10 04:59:25 [error] [exception.CException] exception 'CException' with message 'Property "DUserMail.prefix" is not defined.' in C:\xampp\htdocs\yii-1.1.16.bca042\framework\base\CComponent.php:130
Stack trace:
#0 C:\xampp\htdocs\MailServer\protected\controllers\SiteController.php(31): CComponent->__get('prefix')
#1 C:\xampp\htdocs\yii-1.1.16.bca042\framework\web\actions\CInlineAction.php(49): SiteController->actionIndex()
#2 C:\xampp\htdocs\yii-1.1.16.bca042\framework\web\CController.php(308): CInlineAction->runWithParams(Array)
#3 C:\xampp\htdocs\yii-1.1.16.bca042\framework\web\CController.php(286): CController->runAction(Object(CInlineAction))
#4 C:\xampp\htdocs\yii-1.1.16.bca042\framework\web\CController.php(265): CController->runActionWithFilters(Object(CInlineAction), Array)
#5 C:\xampp\htdocs\yii-1.1.16.bca042\framework\web\CWebApplication.php(282): CController->run('')
#6 C:\xampp\htdocs\yii-1.1.16.bca042\framework\web\CWebApplication.php(141): CWebApplication->runController('')
#7 C:\xampp\htdocs\yii-1.1.16.bca042\framework\base\CApplication.php(184): CWebApplication->processRequest()
#8 C:\xampp\htdocs\MailServer\index.php(13): CApplication->run()
#9 {main}
REQUEST_URI=/index.php
---
2015/07/10 05:01:53 [error] [php] Undefined variable: formModel (C:\xampp\htdocs\MailServer\protected\views\site\index.php:42)
Stack trace:
#0 C:\xampp\htdocs\yii-1.1.16.bca042\framework\web\CController.php(869): SiteController->renderFile()
#1 C:\xampp\htdocs\yii-1.1.16.bca042\framework\web\CController.php(782): SiteController->renderPartial()
#2 C:\xampp\htdocs\MailServer\protected\controllers\SiteController.php(38): SiteController->render()
#3 C:\xampp\htdocs\yii-1.1.16.bca042\framework\web\actions\CInlineAction.php(49): SiteController->actionIndex()
#4 C:\xampp\htdocs\yii-1.1.16.bca042\framework\web\CController.php(308): CInlineAction->runWithParams()
#5 C:\xampp\htdocs\yii-1.1.16.bca042\framework\web\CController.php(286): SiteController->runAction()
#6 C:\xampp\htdocs\yii-1.1.16.bca042\framework\web\CController.php(265): SiteController->runActionWithFilters()
#7 C:\xampp\htdocs\yii-1.1.16.bca042\framework\web\CWebApplication.php(282): SiteController->run()
#8 C:\xampp\htdocs\yii-1.1.16.bca042\framework\web\CWebApplication.php(141): CWebApplication->runController()
#9 C:\xampp\htdocs\yii-1.1.16.bca042\framework\base\CApplication.php(184): CWebApplication->processRequest()
#10 C:\xampp\htdocs\MailServer\index.php(13): CWebApplication->run()
REQUEST_URI=/index.php
in C:\xampp\htdocs\MailServer\protected\views\site\index.php (42)
in C:\xampp\htdocs\MailServer\protected\controllers\SiteController.php (38)
in C:\xampp\htdocs\MailServer\index.php (13)
2015/07/10 05:01:54 [error] [php] Undefined variable: formModel (C:\xampp\htdocs\MailServer\protected\views\site\index.php:42)
Stack trace:
#0 C:\xampp\htdocs\yii-1.1.16.bca042\framework\web\CController.php(869): SiteController->renderFile()
#1 C:\xampp\htdocs\yii-1.1.16.bca042\framework\web\CController.php(782): SiteController->renderPartial()
#2 C:\xampp\htdocs\MailServer\protected\controllers\SiteController.php(38): SiteController->render()
#3 C:\xampp\htdocs\yii-1.1.16.bca042\framework\web\actions\CInlineAction.php(49): SiteController->actionIndex()
#4 C:\xampp\htdocs\yii-1.1.16.bca042\framework\web\CController.php(308): CInlineAction->runWithParams()
#5 C:\xampp\htdocs\yii-1.1.16.bca042\framework\web\CController.php(286): SiteController->runAction()
#6 C:\xampp\htdocs\yii-1.1.16.bca042\framework\web\CController.php(265): SiteController->runActionWithFilters()
#7 C:\xampp\htdocs\yii-1.1.16.bca042\framework\web\CWebApplication.php(282): SiteController->run()
#8 C:\xampp\htdocs\yii-1.1.16.bca042\framework\web\CWebApplication.php(141): CWebApplication->runController()
#9 C:\xampp\htdocs\yii-1.1.16.bca042\framework\base\CApplication.php(184): CWebApplication->processRequest()
#10 C:\xampp\htdocs\MailServer\index.php(13): CWebApplication->run()
REQUEST_URI=/css/jquery/jquery.ui.all.css
in C:\xampp\htdocs\MailServer\protected\views\site\index.php (42)
in C:\xampp\htdocs\MailServer\protected\controllers\SiteController.php (38)
in C:\xampp\htdocs\MailServer\index.php (13)
2015/07/10 05:01:54 [error] [php] Undefined variable: formModel (C:\xampp\htdocs\MailServer\protected\views\site\index.php:42)
Stack trace:
#0 C:\xampp\htdocs\yii-1.1.16.bca042\framework\web\CController.php(869): SiteController->renderFile()
#1 C:\xampp\htdocs\yii-1.1.16.bca042\framework\web\CController.php(782): SiteController->renderPartial()
#2 C:\xampp\htdocs\MailServer\protected\controllers\SiteController.php(38): SiteController->render()
#3 C:\xampp\htdocs\yii-1.1.16.bca042\framework\web\actions\CInlineAction.php(49): SiteController->actionIndex()
#4 C:\xampp\htdocs\yii-1.1.16.bca042\framework\web\CController.php(308): CInlineAction->runWithParams()
#5 C:\xampp\htdocs\yii-1.1.16.bca042\framework\web\CController.php(286): SiteController->runAction()
#6 C:\xampp\htdocs\yii-1.1.16.bca042\framework\web\CController.php(265): SiteController->runActionWithFilters()
#7 C:\xampp\htdocs\yii-1.1.16.bca042\framework\web\CWebApplication.php(282): SiteController->run()
#8 C:\xampp\htdocs\yii-1.1.16.bca042\framework\web\CWebApplication.php(141): CWebApplication->runController()
#9 C:\xampp\htdocs\yii-1.1.16.bca042\framework\base\CApplication.php(184): CWebApplication->processRequest()
#10 C:\xampp\htdocs\MailServer\index.php(13): CWebApplication->run()
REQUEST_URI=/css/lightbox/style.css
in C:\xampp\htdocs\MailServer\protected\views\site\index.php (42)
in C:\xampp\htdocs\MailServer\protected\controllers\SiteController.php (38)
in C:\xampp\htdocs\MailServer\index.php (13)
2015/07/10 06:09:55 [error] [php] Undefined variable: formModel (C:\xampp\htdocs\MailServer\protected\views\site\index.php:42)
Stack trace:
#0 C:\xampp\htdocs\yii-1.1.16.bca042\framework\web\CController.php(869): SiteController->renderFile()
#1 C:\xampp\htdocs\yii-1.1.16.bca042\framework\web\CController.php(782): SiteController->renderPartial()
#2 C:\xampp\htdocs\MailServer\protected\controllers\SiteController.php(38): SiteController->render()
#3 C:\xampp\htdocs\yii-1.1.16.bca042\framework\web\actions\CInlineAction.php(49): SiteController->actionIndex()
#4 C:\xampp\htdocs\yii-1.1.16.bca042\framework\web\CController.php(308): CInlineAction->runWithParams()
#5 C:\xampp\htdocs\yii-1.1.16.bca042\framework\web\CController.php(286): SiteController->runAction()
#6 C:\xampp\htdocs\yii-1.1.16.bca042\framework\web\CController.php(265): SiteController->runActionWithFilters()
#7 C:\xampp\htdocs\yii-1.1.16.bca042\framework\web\CWebApplication.php(282): SiteController->run()
#8 C:\xampp\htdocs\yii-1.1.16.bca042\framework\web\CWebApplication.php(141): CWebApplication->runController()
#9 C:\xampp\htdocs\yii-1.1.16.bca042\framework\base\CApplication.php(184): CWebApplication->processRequest()
#10 C:\xampp\htdocs\MailServer\index.php(13): CWebApplication->run()
REQUEST_URI=/index.php
in C:\xampp\htdocs\MailServer\protected\views\site\index.php (42)
in C:\xampp\htdocs\MailServer\protected\controllers\SiteController.php (38)
in C:\xampp\htdocs\MailServer\index.php (13)
2015/07/10 06:09:55 [error] [php] Undefined variable: formModel (C:\xampp\htdocs\MailServer\protected\views\site\index.php:42)
Stack trace:
#0 C:\xampp\htdocs\yii-1.1.16.bca042\framework\web\CController.php(869): SiteController->renderFile()
#1 C:\xampp\htdocs\yii-1.1.16.bca042\framework\web\CController.php(782): SiteController->renderPartial()
#2 C:\xampp\htdocs\MailServer\protected\controllers\SiteController.php(38): SiteController->render()
#3 C:\xampp\htdocs\yii-1.1.16.bca042\framework\web\actions\CInlineAction.php(49): SiteController->actionIndex()
#4 C:\xampp\htdocs\yii-1.1.16.bca042\framework\web\CController.php(308): CInlineAction->runWithParams()
#5 C:\xampp\htdocs\yii-1.1.16.bca042\framework\web\CController.php(286): SiteController->runAction()
#6 C:\xampp\htdocs\yii-1.1.16.bca042\framework\web\CController.php(265): SiteController->runActionWithFilters()
#7 C:\xampp\htdocs\yii-1.1.16.bca042\framework\web\CWebApplication.php(282): SiteController->run()
#8 C:\xampp\htdocs\yii-1.1.16.bca042\framework\web\CWebApplication.php(141): CWebApplication->runController()
#9 C:\xampp\htdocs\yii-1.1.16.bca042\framework\base\CApplication.php(184): CWebApplication->processRequest()
#10 C:\xampp\htdocs\MailServer\index.php(13): CWebApplication->run()
REQUEST_URI=/css/jquery/jquery.ui.all.css
in C:\xampp\htdocs\MailServer\protected\views\site\index.php (42)
in C:\xampp\htdocs\MailServer\protected\controllers\SiteController.php (38)
in C:\xampp\htdocs\MailServer\index.php (13)
2015/07/10 06:09:55 [error] [php] Undefined variable: formModel (C:\xampp\htdocs\MailServer\protected\views\site\index.php:42)
Stack trace:
#0 C:\xampp\htdocs\yii-1.1.16.bca042\framework\web\CController.php(869): SiteController->renderFile()
#1 C:\xampp\htdocs\yii-1.1.16.bca042\framework\web\CController.php(782): SiteController->renderPartial()
#2 C:\xampp\htdocs\MailServer\protected\controllers\SiteController.php(38): SiteController->render()
#3 C:\xampp\htdocs\yii-1.1.16.bca042\framework\web\actions\CInlineAction.php(49): SiteController->actionIndex()
#4 C:\xampp\htdocs\yii-1.1.16.bca042\framework\web\CController.php(308): CInlineAction->runWithParams()
#5 C:\xampp\htdocs\yii-1.1.16.bca042\framework\web\CController.php(286): SiteController->runAction()
#6 C:\xampp\htdocs\yii-1.1.16.bca042\framework\web\CController.php(265): SiteController->runActionWithFilters()
#7 C:\xampp\htdocs\yii-1.1.16.bca042\framework\web\CWebApplication.php(282): SiteController->run()
#8 C:\xampp\htdocs\yii-1.1.16.bca042\framework\web\CWebApplication.php(141): CWebApplication->runController()
#9 C:\xampp\htdocs\yii-1.1.16.bca042\framework\base\CApplication.php(184): CWebApplication->processRequest()
#10 C:\xampp\htdocs\MailServer\index.php(13): CWebApplication->run()
REQUEST_URI=/css/lightbox/style.css
in C:\xampp\htdocs\MailServer\protected\views\site\index.php (42)
in C:\xampp\htdocs\MailServer\protected\controllers\SiteController.php (38)
in C:\xampp\htdocs\MailServer\index.php (13)
2015/07/10 06:11:29 [error] [exception.CHttpException.404] exception 'CHttpException' with message 'Unable to resolve the request "create".' in C:\xampp\htdocs\yii-1.1.16.bca042\framework\web\CWebApplication.php:286
Stack trace:
#0 C:\xampp\htdocs\yii-1.1.16.bca042\framework\web\CWebApplication.php(141): CWebApplication->runController('create')
#1 C:\xampp\htdocs\yii-1.1.16.bca042\framework\base\CApplication.php(184): CWebApplication->processRequest()
#2 C:\xampp\htdocs\MailServer\index.php(13): CApplication->run()
#3 {main}
REQUEST_URI=/index.php?r=create
HTTP_REFERER=http://localhost:8089/index.php
---
2015/07/10 06:11:38 [error] [exception.CHttpException.404] exception 'CHttpException' with message 'Unable to resolve the request "create".' in C:\xampp\htdocs\yii-1.1.16.bca042\framework\web\CWebApplication.php:286
Stack trace:
#0 C:\xampp\htdocs\yii-1.1.16.bca042\framework\web\CWebApplication.php(141): CWebApplication->runController('create')
#1 C:\xampp\htdocs\yii-1.1.16.bca042\framework\base\CApplication.php(184): CWebApplication->processRequest()
#2 C:\xampp\htdocs\MailServer\index.php(13): CApplication->run()
#3 {main}
REQUEST_URI=/index.php?r=create
HTTP_REFERER=http://localhost:8089/index.php
---
2015/07/10 06:12:10 [error] [exception.CHttpException.404] exception 'CHttpException' with message 'Unable to resolve the request "create".' in C:\xampp\htdocs\yii-1.1.16.bca042\framework\web\CWebApplication.php:286
Stack trace:
#0 C:\xampp\htdocs\yii-1.1.16.bca042\framework\web\CWebApplication.php(141): CWebApplication->runController('create')
#1 C:\xampp\htdocs\yii-1.1.16.bca042\framework\base\CApplication.php(184): CWebApplication->processRequest()
#2 C:\xampp\htdocs\MailServer\index.php(13): CApplication->run()
#3 {main}
REQUEST_URI=/index.php?r=create
HTTP_REFERER=http://localhost:8089/index.php
---
2015/07/10 06:12:53 [error] [exception.CHttpException.404] exception 'CHttpException' with message 'Unable to resolve the request "create".' in C:\xampp\htdocs\yii-1.1.16.bca042\framework\web\CWebApplication.php:286
Stack trace:
#0 C:\xampp\htdocs\yii-1.1.16.bca042\framework\web\CWebApplication.php(141): CWebApplication->runController('create')
#1 C:\xampp\htdocs\yii-1.1.16.bca042\framework\base\CApplication.php(184): CWebApplication->processRequest()
#2 C:\xampp\htdocs\MailServer\index.php(13): CApplication->run()
#3 {main}
REQUEST_URI=/index.php?r=create
HTTP_REFERER=http://localhost:8089/index.php
---
2015/07/10 06:50:19 [error] [php] Undefined variable: data (C:\xampp\htdocs\MailServer\protected\views\site\index.php:47)
Stack trace:
#0 C:\xampp\htdocs\yii-1.1.16.bca042\framework\web\CController.php(869): SiteController->renderFile()
#1 C:\xampp\htdocs\yii-1.1.16.bca042\framework\web\CController.php(782): SiteController->renderPartial()
#2 C:\xampp\htdocs\MailServer\protected\controllers\SiteController.php(38): SiteController->render()
#3 C:\xampp\htdocs\yii-1.1.16.bca042\framework\web\actions\CInlineAction.php(49): SiteController->actionIndex()
#4 C:\xampp\htdocs\yii-1.1.16.bca042\framework\web\CController.php(308): CInlineAction->runWithParams()
#5 C:\xampp\htdocs\yii-1.1.16.bca042\framework\web\CController.php(286): SiteController->runAction()
#6 C:\xampp\htdocs\yii-1.1.16.bca042\framework\web\CController.php(265): SiteController->runActionWithFilters()
#7 C:\xampp\htdocs\yii-1.1.16.bca042\framework\web\CWebApplication.php(282): SiteController->run()
#8 C:\xampp\htdocs\yii-1.1.16.bca042\framework\web\CWebApplication.php(141): CWebApplication->runController()
#9 C:\xampp\htdocs\yii-1.1.16.bca042\framework\base\CApplication.php(184): CWebApplication->processRequest()
#10 C:\xampp\htdocs\MailServer\index.php(13): CWebApplication->run()
REQUEST_URI=/index.php
in C:\xampp\htdocs\MailServer\protected\views\site\index.php (47)
in C:\xampp\htdocs\MailServer\protected\controllers\SiteController.php (38)
in C:\xampp\htdocs\MailServer\index.php (13)
2015/07/10 06:50:19 [error] [php] Undefined variable: data (C:\xampp\htdocs\MailServer\protected\views\site\index.php:47)
Stack trace:
#0 C:\xampp\htdocs\yii-1.1.16.bca042\framework\web\CController.php(869): SiteController->renderFile()
#1 C:\xampp\htdocs\yii-1.1.16.bca042\framework\web\CController.php(782): SiteController->renderPartial()
#2 C:\xampp\htdocs\MailServer\protected\controllers\SiteController.php(38): SiteController->render()
#3 C:\xampp\htdocs\yii-1.1.16.bca042\framework\web\actions\CInlineAction.php(49): SiteController->actionIndex()
#4 C:\xampp\htdocs\yii-1.1.16.bca042\framework\web\CController.php(308): CInlineAction->runWithParams()
#5 C:\xampp\htdocs\yii-1.1.16.bca042\framework\web\CController.php(286): SiteController->runAction()
#6 C:\xampp\htdocs\yii-1.1.16.bca042\framework\web\CController.php(265): SiteController->runActionWithFilters()
#7 C:\xampp\htdocs\yii-1.1.16.bca042\framework\web\CWebApplication.php(282): SiteController->run()
#8 C:\xampp\htdocs\yii-1.1.16.bca042\framework\web\CWebApplication.php(141): CWebApplication->runController()
#9 C:\xampp\htdocs\yii-1.1.16.bca042\framework\base\CApplication.php(184): CWebApplication->processRequest()
#10 C:\xampp\htdocs\MailServer\index.php(13): CWebApplication->run()
REQUEST_URI=/css/lightbox/style.css
in C:\xampp\htdocs\MailServer\protected\views\site\index.php (47)
in C:\xampp\htdocs\MailServer\protected\controllers\SiteController.php (38)
in C:\xampp\htdocs\MailServer\index.php (13)
2015/07/10 06:50:19 [error] [php] Undefined variable: data (C:\xampp\htdocs\MailServer\protected\views\site\index.php:47)
Stack trace:
#0 C:\xampp\htdocs\yii-1.1.16.bca042\framework\web\CController.php(869): SiteController->renderFile()
#1 C:\xampp\htdocs\yii-1.1.16.bca042\framework\web\CController.php(782): SiteController->renderPartial()
#2 C:\xampp\htdocs\MailServer\protected\controllers\SiteController.php(38): SiteController->render()
#3 C:\xampp\htdocs\yii-1.1.16.bca042\framework\web\actions\CInlineAction.php(49): SiteController->actionIndex()
#4 C:\xampp\htdocs\yii-1.1.16.bca042\framework\web\CController.php(308): CInlineAction->runWithParams()
#5 C:\xampp\htdocs\yii-1.1.16.bca042\framework\web\CController.php(286): SiteController->runAction()
#6 C:\xampp\htdocs\yii-1.1.16.bca042\framework\web\CController.php(265): SiteController->runActionWithFilters()
#7 C:\xampp\htdocs\yii-1.1.16.bca042\framework\web\CWebApplication.php(282): SiteController->run()
#8 C:\xampp\htdocs\yii-1.1.16.bca042\framework\web\CWebApplication.php(141): CWebApplication->runController()
#9 C:\xampp\htdocs\yii-1.1.16.bca042\framework\base\CApplication.php(184): CWebApplication->processRequest()
#10 C:\xampp\htdocs\MailServer\index.php(13): CWebApplication->run()
REQUEST_URI=/css/jquery/jquery.ui.all.css
in C:\xampp\htdocs\MailServer\protected\views\site\index.php (47)
in C:\xampp\htdocs\MailServer\protected\controllers\SiteController.php (38)
in C:\xampp\htdocs\MailServer\index.php (13)
2015/07/10 07:13:38 [error] [exception.CHttpException.404] exception 'CHttpException' with message 'Unable to resolve the request "home".' in C:\xampp\htdocs\yii-1.1.16.bca042\framework\web\CWebApplication.php:286
Stack trace:
#0 C:\xampp\htdocs\yii-1.1.16.bca042\framework\web\CWebApplication.php(141): CWebApplication->runController('home')
#1 C:\xampp\htdocs\yii-1.1.16.bca042\framework\base\CApplication.php(184): CWebApplication->processRequest()
#2 C:\xampp\htdocs\MailServer\index.php(13): CApplication->run()
#3 {main}
REQUEST_URI=/index.php?r=home
HTTP_REFERER=http://localhost:8089/index.php
---
2015/07/10 07:37:44 [error] [exception.CException] exception 'CException' with message 'DUserMail and its behaviors do not have a method or closure named "restoreSearchState".' in C:\xampp\htdocs\yii-1.1.16.bca042\framework\base\CComponent.php:266
Stack trace:
#0 C:\xampp\htdocs\MailServer\protected\models\DUserMail.php(30): CComponent->__call('restoreSearchSt...', Array)
#1 C:\xampp\htdocs\MailServer\protected\models\DUserMail.php(30): DUserMail->restoreSearchState()
#2 C:\xampp\htdocs\MailServer\protected\controllers\SiteController.php(32): DUserMail->search()
#3 C:\xampp\htdocs\yii-1.1.16.bca042\framework\web\actions\CInlineAction.php(49): SiteController->actionIndex()
#4 C:\xampp\htdocs\yii-1.1.16.bca042\framework\web\CController.php(308): CInlineAction->runWithParams(Array)
#5 C:\xampp\htdocs\yii-1.1.16.bca042\framework\web\CController.php(286): CController->runAction(Object(CInlineAction))
#6 C:\xampp\htdocs\yii-1.1.16.bca042\framework\web\CController.php(265): CController->runActionWithFilters(Object(CInlineAction), Array)
#7 C:\xampp\htdocs\yii-1.1.16.bca042\framework\web\CWebApplication.php(282): CController->run('')
#8 C:\xampp\htdocs\yii-1.1.16.bca042\framework\web\CWebApplication.php(141): CWebApplication->runController('')
#9 C:\xampp\htdocs\yii-1.1.16.bca042\framework\base\CApplication.php(184): CWebApplication->processRequest()
#10 C:\xampp\htdocs\MailServer\index.php(13): CApplication->run()
#11 {main}
REQUEST_URI=/index.php
---
2015/07/10 11:39:30 [error] [exception.CHttpException.404] exception 'CHttpException' with message 'Unable to resolve the request "create".' in C:\xampp\htdocs\yii-1.1.16.bca042\framework\web\CWebApplication.php:286
Stack trace:
#0 C:\xampp\htdocs\yii-1.1.16.bca042\framework\web\CWebApplication.php(141): CWebApplication->runController('create')
#1 C:\xampp\htdocs\yii-1.1.16.bca042\framework\base\CApplication.php(184): CWebApplication->processRequest()
#2 C:\xampp\htdocs\MailServer\index.php(13): CApplication->run()
#3 {main}
REQUEST_URI=/index.php?r=create
HTTP_REFERER=http://localhost:8089/test.php
---
